{
  "Cucumber Features": {
    "coverage": {
      "/home/cn/project_sw/app/controllers/application_controller.rb": [
        1,
        1,
        null,
        null
      ],
      "/home/cn/project_sw/app/helpers/application_helper.rb": [
        1,
        null
      ],
      "/home/cn/project_sw/app/helpers/forms_helper.rb": [
        1,
        null
      ],
      "/home/cn/project_sw/app/helpers/reserves_helper.rb": [
        1,
        null
      ],
      "/home/cn/project_sw/app/helpers/rooms_helper.rb": [
        1,
        null
      ],
      "/home/cn/project_sw/app/helpers/staffs_helper.rb": [
        1,
        null
      ],
      "/home/cn/project_sw/app/helpers/static_pages_helper.rb": [
        1,
        null
      ],
      "/home/cn/project_sw/app/helpers/tools_helper.rb": [
        1,
        null
      ],
      "/home/cn/project_sw/app/helpers/welcomes_helper.rb": [
        1,
        null
      ],
      "/home/cn/project_sw/app/controllers/forms_controller.rb": [
        1,
        null,
        null,
        1,
        null,
        null,
        null,
        null,
        1,
        3,
        null,
        3,
        3,
        3,
        null,
        null,
        null,
        1,
        3,
        3,
        3,
        3,
        3,
        3,
        3,
        3,
        3,
        3,
        null,
        null,
        null,
        null,
        1,
        null,
        null,
        null,
        null,
        1,
        3,
        3,
        3,
        3,
        null,
        3,
        3,
        3,
        3,
        null,
        3,
        3,
        null,
        3,
        3,
        3,
        3,
        3,
        3,
        3,
        3,
        3,
        3,
        3,
        3,
        3,
        3,
        3,
        3,
        null,
        3,
        null,
        0,
        0,
        null,
        null,
        0,
        0,
        null,
        null,
        0,
        0,
        null,
        null,
        null,
        null,
        1,
        null,
        null,
        null,
        null,
        1,
        null,
        null,
        null
      ],
      "/home/cn/project_sw/app/models/form.rb": [
        1,
        1,
        null,
        1,
        1,
        1,
        1,
        1,
        1,
        1,
        1,
        1,
        1,
        1,
        1,
        1,
        null,
        1,
        null,
        null,
        null
      ],
      "/home/cn/project_sw/app/controllers/reserves_controller.rb": [
        1,
        null,
        1,
        6,
        1,
        null,
        5,
        5,
        5,
        5,
        5,
        5,
        5,
        null,
        null,
        null,
        null,
        null,
        null,
        1,
        4,
        1,
        null,
        3,
        3,
        3,
        3,
        3,
        3,
        3,
        3,
        null,
        null,
        null,
        null,
        null,
        null,
        1,
        null,
        null,
        null,
        null,
        null,
        null,
        null,
        null,
        null,
        null,
        null,
        null,
        null,
        null,
        null,
        null,
        1,
        null,
        null,
        null,
        null,
        null,
        1,
        null,
        null,
        null,
        null,
        null,
        null,
        null,
        null,
        null,
        null,
        null,
        null,
        null,
        null,
        null,
        null,
        null,
        null,
        null,
        null,
        1,
        null,
        null,
        null,
        null,
        null,
        null,
        null,
        null,
        null,
        null,
        null,
        null,
        null,
        null,
        1,
        1,
        1,
        1,
        1,
        1,
        1,
        1,
        1,
        2,
        1,
        null,
        null,
        null,
        null,
        null,
        null
      ],
      "/home/cn/project_sw/app/controllers/rooms_controller.rb": [
        1,
        null,
        null,
        1,
        29,
        29,
        29,
        29,
        29,
        29,
        29,
        29,
        null,
        null,
        null,
        null,
        1,
        5,
        5,
        5,
        5,
        5,
        5,
        5,
        5,
        5,
        5,
        null,
        null,
        null,
        1,
        3,
        1,
        null,
        2,
        2,
        2,
        2,
        2,
        null,
        2,
        2,
        2,
        null,
        null,
        null,
        null,
        null,
        1,
        3,
        1,
        null,
        2,
        2,
        2,
        2,
        2,
        2,
        2,
        null,
        null,
        null,
        null,
        null,
        1,
        2,
        2,
        1,
        1,
        1,
        1,
        1,
        1,
        1,
        1,
        7,
        7,
        7,
        56,
        56,
        null,
        0,
        null,
        null,
        7,
        7,
        7,
        null,
        1,
        1,
        1,
        1,
        1,
        1,
        null,
        0,
        0,
        null,
        null,
        0,
        0,
        null,
        null,
        1,
        1,
        null,
        null,
        null,
        null,
        null,
        null,
        null,
        1,
        2,
        2,
        2,
        2,
        2,
        2,
        2,
        1,
        7,
        7,
        7,
        7,
        56,
        14,
        null,
        42,
        null,
        null,
        7,
        35,
        7,
        null,
        1,
        1,
        1,
        1,
        1,
        1,
        1,
        null,
        1,
        1,
        null,
        null,
        null,
        null,
        null,
        null,
        1,
        1,
        1,
        1,
        1,
        1,
        1,
        7,
        35,
        7,
        null,
        1,
        1,
        1,
        1,
        1,
        null,
        null,
        null,
        null,
        1,
        21,
        21,
        21,
        21,
        null,
        null,
        null,
        1,
        17,
        17,
        17,
        17,
        17,
        17,
        17,
        17,
        17,
        17,
        17,
        17,
        2,
        2,
        15,
        2,
        2,
        null,
        13,
        13,
        13,
        13,
        13,
        13,
        13,
        9,
        null,
        4,
        null,
        13,
        2,
        2,
        null,
        11,
        11,
        24,
        null,
        11,
        11,
        null,
        null,
        null,
        null,
        null,
        1,
        null,
        2,
        2,
        null,
        null,
        null,
        null,
        null
      ],
      "/home/cn/project_sw/app/models/room.rb": [
        1,
        null,
        1,
        null,
        1,
        224,
        null,
        null,
        1,
        22,
        null,
        null,
        1,
        222,
        null,
        null,
        null,
        1,
        13,
        13,
        13,
        343,
        39,
        null,
        null,
        13,
        null,
        null,
        1,
        13,
        13,
        39,
        39,
        11,
        null,
        28,
        28,
        42,
        30,
        10,
        null,
        null,
        null,
        28,
        18,
        null,
        null,
        null,
        13,
        null,
        null,
        null,
        null,
        1,
        9,
        9,
        31,
        9,
        22,
        22,
        5,
        null,
        17,
        17,
        17,
        null,
        null,
        9,
        null,
        null
      ],
      "/home/cn/project_sw/app/controllers/staffs_controller.rb": [
        1,
        1,
        null,
        null,
        1,
        31,
        1,
        null,
        30,
        30,
        30,
        30,
        null,
        null,
        null,
        null,
        1,
        9,
        9,
        9,
        9,
        1,
        null,
        8,
        8,
        null,
        8,
        null,
        null,
        null,
        null,
        null,
        1,
        null,
        null,
        null,
        null,
        1,
        null,
        null,
        null,
        null,
        1,
        null,
        null,
        null,
        null,
        1,
        1,
        0,
        null,
        1,
        1,
        1,
        1,
        1,
        7,
        7,
        7,
        7,
        7,
        7,
        7,
        7,
        7,
        7,
        7,
        7,
        null,
        1,
        null,
        null,
        null,
        null,
        1,
        null,
        null,
        null,
        null,
        1,
        54,
        54,
        54,
        54,
        1,
        null,
        null,
        null,
        null,
        1,
        27,
        27,
        null,
        27,
        1,
        1,
        null,
        26,
        26,
        26,
        null,
        null,
        null,
        null,
        1,
        1,
        1,
        null,
        null,
        null,
        1,
        9,
        9,
        9,
        9,
        1,
        null,
        9,
        9,
        9,
        18,
        null,
        null,
        null,
        1,
        0,
        null,
        null,
        null
      ],
      "/home/cn/project_sw/app/models/staff.rb": [
        1,
        1,
        1,
        null
      ],
      "/home/cn/project_sw/app/controllers/static_pages_controller.rb": [
        1,
        1,
        1,
        1,
        1,
        null,
        null
      ],
      "/home/cn/project_sw/app/controllers/tools_controller.rb": [
        1,
        null,
        null,
        1,
        null,
        null,
        null,
        null,
        null,
        null,
        null,
        null,
        null,
        null,
        null,
        null,
        1,
        null,
        null,
        null,
        null,
        null,
        null,
        null,
        null,
        null,
        null,
        null,
        null,
        1,
        null,
        null,
        null,
        null,
        null,
        null,
        null,
        null,
        null,
        null,
        null,
        1,
        null,
        null,
        null,
        null,
        null,
        1,
        null,
        null,
        null,
        null,
        null,
        null,
        null,
        null,
        null,
        null,
        null,
        null,
        null,
        null,
        null,
        null,
        null,
        1,
        null,
        null,
        null,
        null,
        null,
        null,
        null,
        null,
        null,
        null,
        null,
        null,
        null,
        null,
        null,
        null,
        null,
        1,
        null,
        null,
        null,
        null,
        null,
        null,
        null,
        null,
        null,
        null,
        null
      ],
      "/home/cn/project_sw/app/models/tool.rb": [
        1,
        null,
        1,
        null,
        null,
        null,
        1,
        4,
        null,
        null
      ],
      "/home/cn/project_sw/app/controllers/welcomes_controller.rb": [
        1,
        null,
        1,
        9,
        9,
        9,
        9,
        9,
        9,
        9,
        1,
        null,
        null,
        null,
        null,
        1,
        null,
        null,
        null,
        null,
        1,
        4,
        4,
        4,
        4,
        4,
        4,
        1,
        null,
        null,
        null,
        null,
        1,
        2,
        2,
        2,
        2,
        2,
        2,
        1,
        null,
        null,
        null,
        null,
        1,
        3,
        3,
        3,
        3,
        3,
        3,
        3,
        3,
        3,
        6,
        3,
        null,
        0,
        0,
        null,
        null,
        null,
        null,
        null,
        1,
        1,
        1,
        1,
        1,
        1,
        1,
        1,
        2,
        1,
        null,
        0,
        0,
        null,
        null,
        null,
        null,
        null,
        1,
        1,
        1,
        1,
        1,
        1,
        null,
        1,
        2,
        1,
        null,
        null,
        null
      ],
      "/home/cn/project_sw/app/models/welcome.rb": [
        1,
        1,
        1,
        null
      ],
      "/home/cn/project_sw/app/models/detail_room.rb": [
        1,
        1,
        null,
        1,
        220,
        null,
        null,
        null,
        1,
        1,
        1,
        null,
        1,
        13,
        13,
        13,
        49,
        49,
        343,
        null,
        null,
        13,
        null,
        null
      ],
      "/home/cn/project_sw/app/models/reserve.rb": [
        1,
        1,
        null,
        null,
        1,
        1,
        1,
        1,
        1,
        1,
        null,
        null,
        null
      ]
    },
    "timestamp": 1364130374
  },
  "RSpec": {
    "coverage": {
      "/home/cn/Documents/RUBY/project/proj11/RoomManagement/app/controllers/application_controller.rb": [
        1,
        1,
        null,
        null
      ],
      "/home/cn/Documents/RUBY/project/proj11/RoomManagement/app/helpers/application_helper.rb": [
        1,
        null
      ],
      "/home/cn/Documents/RUBY/project/proj11/RoomManagement/app/helpers/forms_helper.rb": [
        1,
        null
      ],
      "/home/cn/Documents/RUBY/project/proj11/RoomManagement/app/helpers/news_helper.rb": [
        1,
        null
      ],
      "/home/cn/Documents/RUBY/project/proj11/RoomManagement/app/helpers/reserves_helper.rb": [
        1,
        null
      ],
      "/home/cn/Documents/RUBY/project/proj11/RoomManagement/app/helpers/rooms_helper.rb": [
        1,
        null
      ],
      "/home/cn/Documents/RUBY/project/proj11/RoomManagement/app/helpers/staffs_helper.rb": [
        1,
        null
      ],
      "/home/cn/Documents/RUBY/project/proj11/RoomManagement/app/helpers/static_pages_helper.rb": [
        1,
        null
      ],
      "/home/cn/Documents/RUBY/project/proj11/RoomManagement/app/helpers/tools_helper.rb": [
        1,
        null
      ],
      "/home/cn/Documents/RUBY/project/proj11/RoomManagement/app/controllers/forms_controller.rb": [
        1,
        null,
        null,
        1,
        0,
        null,
        0,
        0,
        0,
        null,
        null,
        null,
        null,
        null,
        1,
        0,
        null,
        0,
        0,
        0,
        null,
        null,
        null,
        null,
        null,
        1,
        0,
        null,
        0,
        0,
        0,
        null,
        null,
        null,
        null,
        1,
        0,
        null,
        null,
        null,
        null,
        1,
        0,
        null,
        0,
        0,
        0,
        0,
        null,
        0,
        0,
        null,
        null,
        null,
        null,
        null,
        null,
        1,
        0,
        null,
        0,
        0,
        0,
        0,
        null,
        0,
        0,
        null,
        null,
        null,
        null,
        null,
        null,
        1,
        0,
        0,
        null,
        0,
        0,
        0,
        null,
        null,
        null
      ],
      "/home/cn/Documents/RUBY/project/proj11/RoomManagement/app/models/form.rb": [
        1,
        1,
        null,
        1,
        0,
        null,
        null,
        1,
        0,
        null,
        null,
        null,
        null,
        1,
        1,
        1,
        1,
        1,
        1,
        1,
        1,
        1,
        1,
        1,
        1,
        1,
        null,
        1,
        null
      ],
      "/home/cn/Documents/RUBY/project/proj11/RoomManagement/app/controllers/news_controller.rb": [
        1,
        null,
        null,
        1,
        null,
        null,
        null,
        null,
        null,
        null,
        null,
        null,
        null,
        null,
        null,
        null,
        1,
        null,
        null,
        null,
        null,
        null,
        null,
        null,
        null,
        null,
        null,
        null,
        null,
        1,
        null,
        null,
        null,
        null,
        null,
        null,
        null,
        null,
        null,
        null,
        null,
        1,
        null,
        null,
        null,
        null,
        null,
        1,
        null,
        null,
        null,
        null,
        null,
        null,
        null,
        null,
        null,
        null,
        null,
        null,
        null,
        null,
        null,
        null,
        null,
        1,
        null,
        null,
        null,
        null,
        null,
        null,
        null,
        null,
        null,
        null,
        null,
        null,
        null,
        null,
        null,
        null,
        null,
        1,
        null,
        null,
        null,
        null,
        null,
        null,
        null,
        null,
        null,
        null,
        null
      ],
      "/home/cn/Documents/RUBY/project/proj11/RoomManagement/app/models/news.rb": [
        1,
        null,
        null
      ],
      "/home/cn/Documents/RUBY/project/proj11/RoomManagement/app/controllers/reserves_controller.rb": [
        1,
        null,
        null,
        1,
        0,
        0,
        null,
        0,
        null,
        0,
        0,
        0,
        null,
        null,
        null,
        null,
        null,
        null,
        1,
        0,
        0,
        null,
        0,
        null,
        0,
        0,
        0,
        null,
        null,
        null,
        null,
        null,
        null,
        1,
        0,
        0,
        0,
        0,
        0,
        0,
        null,
        null,
        null,
        null,
        1,
        null,
        null,
        null,
        null,
        null,
        1,
        0,
        0,
        0,
        null,
        0,
        0,
        0,
        0,
        null,
        0,
        0,
        null,
        null,
        null,
        null,
        null,
        null,
        1,
        null,
        null,
        null,
        null,
        null,
        null,
        null,
        null,
        null,
        null,
        null,
        null,
        null,
        null,
        null,
        1,
        0,
        0,
        null,
        0,
        0,
        null,
        0,
        0,
        0,
        null,
        null,
        null,
        null,
        1,
        0,
        0,
        null,
        0,
        null,
        null,
        null,
        null
      ],
      "/home/cn/Documents/RUBY/project/proj11/RoomManagement/app/controllers/rooms_controller.rb": [
        1,
        null,
        null,
        1,
        1,
        1,
        1,
        1,
        1,
        1,
        1,
        null,
        null,
        null,
        null,
        1,
        1,
        1,
        1,
        1,
        1,
        1,
        1,
        0,
        null,
        null,
        null,
        null,
        1,
        1,
        1,
        null,
        0,
        0,
        0,
        0,
        0,
        0,
        null,
        0,
        0,
        0,
        null,
        null,
        null,
        null,
        null,
        1,
        0,
        0,
        null,
        0,
        0,
        0,
        0,
        0,
        0,
        0,
        null,
        null,
        null,
        null,
        null,
        1,
        4,
        4,
        null,
        0,
        0,
        0,
        0,
        0,
        0,
        0,
        0,
        0,
        0,
        0,
        0,
        0,
        0,
        null,
        0,
        null,
        null,
        0,
        0,
        0,
        null,
        null,
        null,
        null,
        null,
        0,
        0,
        null,
        0,
        0,
        null,
        null,
        0,
        0,
        null,
        null,
        null,
        null,
        null,
        null,
        null,
        1,
        0,
        0,
        null,
        0,
        0,
        0,
        0,
        0,
        0,
        0,
        null,
        0,
        null,
        0,
        0,
        0,
        0,
        0,
        0,
        0,
        null,
        0,
        null,
        null,
        0,
        0,
        0,
        null,
        0,
        0,
        0,
        null,
        0,
        0,
        null,
        null,
        null,
        null,
        null,
        null,
        1,
        0,
        0,
        null,
        0,
        0,
        0,
        0,
        0,
        0,
        0,
        0,
        0,
        0,
        null,
        0,
        0,
        0,
        null,
        null,
        null,
        null,
        1,
        0,
        0,
        0,
        0,
        null,
        null,
        null,
        1,
        0,
        0,
        0,
        0,
        0,
        0,
        0,
        0,
        0,
        0,
        0,
        null,
        0,
        null,
        0,
        0,
        null,
        0,
        null,
        0,
        0,
        0,
        null,
        0,
        null,
        null,
        null,
        null,
        null
      ],
      "/home/cn/Documents/RUBY/project/proj11/RoomManagement/app/models/room.rb": [
        1,
        null,
        1,
        null,
        1,
        2,
        null,
        null,
        1,
        0,
        null,
        null,
        1,
        2,
        null,
        null,
        null,
        1,
        0,
        0,
        0,
        0,
        0,
        null,
        null,
        0,
        null,
        null,
        1,
        0,
        0,
        0,
        0,
        0,
        null,
        null,
        0,
        null,
        null,
        1,
        0,
        0,
        0,
        0,
        0,
        0,
        null,
        0,
        0,
        0,
        null,
        null,
        0,
        null,
        null
      ],
      "/home/cn/Documents/RUBY/project/proj11/RoomManagement/app/controllers/staffs_controller.rb": [
        1,
        null,
        null,
        1,
        0,
        0,
        null,
        0,
        0,
        0,
        0,
        0,
        null,
        null,
        null,
        null,
        1,
        0,
        0,
        0,
        0,
        0,
        0,
        null,
        0,
        0,
        null,
        null,
        null,
        null,
        null,
        1,
        null,
        null,
        null,
        null,
        1,
        0,
        0,
        null,
        0,
        null,
        null,
        null,
        null,
        null,
        1,
        null,
        null,
        null,
        null,
        1,
        null,
        null,
        null,
        null,
        1,
        null,
        null,
        null,
        null,
        1,
        0,
        0,
        0,
        0,
        0,
        0,
        null,
        null,
        null,
        null,
        1,
        0,
        0,
        null,
        0,
        0,
        0,
        null,
        0,
        0,
        0,
        null,
        null,
        null,
        null,
        1,
        0,
        0,
        null,
        null,
        null,
        1,
        0,
        0,
        0,
        0,
        0,
        0,
        null,
        0,
        0,
        null,
        null,
        null,
        null
      ],
      "/home/cn/Documents/RUBY/project/proj11/RoomManagement/app/models/staff.rb": [
        1,
        1,
        1,
        null
      ],
      "/home/cn/Documents/RUBY/project/proj11/RoomManagement/app/controllers/static_pages_controller.rb": [
        1,
        1,
        0,
        0,
        0,
        null,
        null
      ],
      "/home/cn/Documents/RUBY/project/proj11/RoomManagement/app/controllers/tools_controller.rb": [
        1,
        null,
        null,
        1,
        null,
        null,
        null,
        null,
        null,
        null,
        null,
        null,
        null,
        null,
        null,
        null,
        1,
        null,
        null,
        null,
        null,
        null,
        null,
        null,
        null,
        null,
        null,
        null,
        null,
        1,
        null,
        null,
        null,
        null,
        null,
        null,
        null,
        null,
        null,
        null,
        null,
        1,
        0,
        null,
        null,
        null,
        null,
        1,
        null,
        null,
        null,
        null,
        null,
        null,
        null,
        null,
        null,
        null,
        null,
        null,
        null,
        null,
        null,
        null,
        null,
        1,
        null,
        null,
        null,
        null,
        null,
        null,
        null,
        null,
        null,
        null,
        null,
        null,
        null,
        null,
        null,
        null,
        null,
        1,
        null,
        null,
        null,
        null,
        null,
        null,
        null,
        null,
        null,
        null,
        null
      ],
      "/home/cn/Documents/RUBY/project/proj11/RoomManagement/app/models/tool.rb": [
        1,
        null,
        1,
        null,
        null,
        null,
        null
      ],
      "/home/cn/Documents/RUBY/project/proj11/RoomManagement/app/models/detail_room.rb": [
        1,
        1,
        null,
        1,
        2,
        null,
        null,
        null,
        1,
        1,
        1,
        null,
        1,
        0,
        0,
        0,
        0,
        0,
        0,
        null,
        null,
        0,
        null,
        null
      ],
      "/home/cn/Documents/RUBY/project/proj11/RoomManagement/app/models/reserve.rb": [
        1,
        1,
        null,
        null,
        1,
        1,
        1,
        1,
        1,
        1,
        null
      ]
    },
    "timestamp": 1363650569
  }
}
